<?xml version="1.0" encoding="UTF-8"?>
<testsuite xmlns:xsi="http://www.w3.org/2001/XMLSchema-instance" xsi:noNamespaceSchemaLocation="https://maven.apache.org/surefire/maven-surefire-plugin/xsd/surefire-test-report.xsd" version="3.0.2" name="Kizuna_core_service.qualityInspection.service.QualityInspectionServiceTest" time="0.106" tests="10" errors="0" skipped="0" failures="1">
  <properties>
[...]
</properties>
  <testcase name="shouldThrowNotFoundWhenInspectionNotFound" classname="Quality Inspection Service Unit Tests" time="0.067"/>
  <testcase name="shouldSetInspectionMetadataCorrectly" classname="Quality Inspection Service Unit Tests" time="0.005"/>
  <testcase name="shouldThrowNotFoundWhenProductionOrderNotFound" classname="Quality Inspection Service Unit Tests" time="0.004"/>
  <testcase name="shouldFindQualityInspectionById" classname="Quality Inspection Service Unit Tests" time="0.002"/>
  <testcase name="shouldRejectOrderWhenReworkCountExceedsLimit" classname="Quality Inspection Service Unit Tests" time="0.004">
    <failure message="&#10;Wanted but not invoked:&#10;productionOrderService.reorderQueue();&#10;-&gt; at Kizuna_core_service.productionOrder.service.ProductionOrderService.reorderQueue(ProductionOrderService.java:234)&#10;Actually, there were zero interactions with this mock.&#10;" type="Wanted but not invoked"><![CDATA[Wanted but not invoked:
productionOrderService.reorderQueue();
-> at Kizuna_core_service.productionOrder.service.ProductionOrderService.reorderQueue(ProductionOrderService.java:234)
Actually, there were zero interactions with this mock.

	at Kizuna_core_service.productionOrder.service.ProductionOrderService.reorderQueue(ProductionOrderService.java:234)
	at Kizuna_core_service.qualityInspection.service.QualityInspectionServiceTest.shouldRejectOrderWhenReworkCountExceedsLimit(QualityInspectionServiceTest.java:230)
]]></failure>
  </testcase>
  <testcase name="shouldCreateReworkInspectionAndSetReworkStatus" classname="Quality Inspection Service Unit Tests" time="0.003"/>
  <testcase name="shouldCreateApprovedInspectionAndAddStock" classname="Quality Inspection Service Unit Tests" time="0.005"/>
  <testcase name="shouldReturnAllQualityInspections" classname="Quality Inspection Service Unit Tests" time="0.003"/>
  <testcase name="shouldCreateRejectedInspectionAndRegisterWaste" classname="Quality Inspection Service Unit Tests" time="0.004"/>
  <testcase name="shouldThrowExceptionWhenOrderNotInWaitingInspection" classname="Quality Inspection Service Unit Tests" time="0.002"/>
</testsuite>